<?xml version="1.0" encoding="UTF-8"?>
<!-- Generated by org.testng.reporters.JUnitXMLReporter -->
<testsuite ignored="0" hostname="CL-NB-650" failures="0" tests="4" name="Casos de prueba" time="40.832" errors="0" timestamp="18 jul. 2022 23:25:39 GMT">
  <testcase classname="Tests.Tests" name="CP0002_Login_Fallido" time="6.69"/>
  <testcase classname="Tests.Tests" name="CP001" time="0.251"/>
  <testcase classname="Tests.Tests2" name="CP0009_Login_Fallido" time="5.439"/>
  <testcase classname="Tests.Tests2" name="CP001" time="0.141"/>
</testsuite> <!-- Casos de prueba -->
